# JRE version: OpenJDK Runtime Environment (8.0_242-b01) (build 1.8.0_242-release-1644-b01)
# Java VM: OpenJDK 64-Bit Server VM (25.242-b01 mixed mode windows-amd64 compressed oops)
Heap:
 PSYoungGen      total 248832K, used 12486K [0x00000000d5580000, 0x00000000e5c00000, 0x0000000100000000)
  eden space 233472K, 5% used [0x00000000d5580000,0x00000000d61b1b58,0x00000000e3980000)
  from space 15360K, 0% used [0x00000000e4800000,0x00000000e4800000,0x00000000e5700000)
  to   space 14848K, 0% used [0x00000000e3980000,0x00000000e3980000,0x00000000e4800000)
 ParOldGen       total 160256K, used 36404K [0x0000000080000000, 0x0000000089c80000, 0x00000000d5580000)
  object space 160256K, 22% used [0x0000000080000000,0x000000008238d3e0,0x0000000089c80000)
 Metaspace       used 57296K, capacity 59572K, committed 59992K, reserved 1101824K
  class space    used 7528K, capacity 8010K, committed 8064K, reserved 1048576K
GC Heap History (10 events):
Event: 2.751 GC heap before
{Heap before GC invocations=7 (full 1):
 PSYoungGen      total 141824K, used 31435K [0x00000000d5580000, 0x00000000e5700000, 0x0000000100000000)
  eden space 131072K, 15% used [0x00000000d5580000,0x00000000d69b9a58,0x00000000dd580000)
  from space 10752K, 99% used [0x00000000dd580000,0x00000000ddff9290,0x00000000de000000)
  to   space 15360K, 0% used [0x00000000e4800000,0x00000000e4800000,0x00000000e5700000)
 ParOldGen       total 87040K, used 9337K [0x0000000080000000, 0x0000000085500000, 0x00000000d5580000)
  object space 87040K, 10% used [0x0000000080000000,0x000000008091e790,0x0000000085500000)
 Metaspace       used 34040K, capacity 35244K, committed 35416K, reserved 1079296K
  class space    used 4608K, capacity 4927K, committed 4992K, reserved 1048576K
Event: 2.764 GC heap after
Heap after GC invocations=7 (full 1):
 PSYoungGen      total 248832K, used 7307K [0x00000000d5580000, 0x00000000e5c00000, 0x0000000100000000)
  eden space 233472K, 0% used [0x00000000d5580000,0x00000000d5580000,0x00000000e3980000)
  from space 15360K, 47% used [0x00000000e4800000,0x00000000e4f22e70,0x00000000e5700000)
  to   space 14848K, 0% used [0x00000000e3980000,0x00000000e3980000,0x00000000e4800000)
 ParOldGen       total 87040K, used 9345K [0x0000000080000000, 0x0000000085500000, 0x00000000d5580000)
  object space 87040K, 10% used [0x0000000080000000,0x0000000080920790,0x0000000085500000)
 Metaspace       used 34040K, capacity 35244K, committed 35416K, reserved 1079296K
  class space    used 4608K, capacity 4927K, committed 4992K, reserved 1048576K
}
Event: 2.764 GC heap before
{Heap before GC invocations=8 (full 2):
 PSYoungGen      total 248832K, used 7307K [0x00000000d5580000, 0x00000000e5c00000, 0x0000000100000000)
  eden space 233472K, 0% used [0x00000000d5580000,0x00000000d5580000,0x00000000e3980000)
  from space 15360K, 47% used [0x00000000e4800000,0x00000000e4f22e70,0x00000000e5700000)
  to   space 14848K, 0% used [0x00000000e3980000,0x00000000e3980000,0x00000000e4800000)
 ParOldGen       total 87040K, used 9345K [0x0000000080000000, 0x0000000085500000, 0x00000000d5580000)
  object space 87040K, 10% used [0x0000000080000000,0x0000000080920790,0x0000000085500000)
 Metaspace       used 34040K, capacity 35244K, committed 35416K, reserved 1079296K
  class space    used 4608K, capacity 4927K, committed 4992K, reserved 1048576K
Event: 2.789 GC heap after
Heap after GC invocations=8 (full 2):
 PSYoungGen      total 248832K, used 0K [0x00000000d5580000, 0x00000000e5c00000, 0x0000000100000000)
  eden space 233472K, 0% used [0x00000000d5580000,0x00000000d5580000,0x00000000e3980000)
  from space 15360K, 0% used [0x00000000e4800000,0x00000000e4800000,0x00000000e5700000)
  to   space 14848K, 0% used [0x00000000e3980000,0x00000000e3980000,0x00000000e4800000)
 ParOldGen       total 113664K, used 13720K [0x0000000080000000, 0x0000000086f00000, 0x00000000d5580000)
  object space 113664K, 12% used [0x0000000080000000,0x0000000080d66258,0x0000000086f00000)
 Metaspace       used 34040K, capacity 35244K, committed 35416K, reserved 1079296K
  class space    used 4608K, capacity 4927K, committed 4992K, reserved 1048576K
}
Event: 4.432 GC heap before
{Heap before GC invocations=9 (full 2):
 PSYoungGen      total 248832K, used 233472K [0x00000000d5580000, 0x00000000e5c00000, 0x0000000100000000)
  eden space 233472K, 100% used [0x00000000d5580000,0x00000000e3980000,0x00000000e3980000)
  from space 15360K, 0% used [0x00000000e4800000,0x00000000e4800000,0x00000000e5700000)
  to   space 14848K, 0% used [0x00000000e3980000,0x00000000e3980000,0x00000000e4800000)
 ParOldGen       total 113664K, used 13726K [0x0000000080000000, 0x0000000086f00000, 0x00000000d5580000)
  object space 113664K, 12% used [0x0000000080000000,0x0000000080d67948,0x0000000086f00000)
 Metaspace       used 45414K, capacity 47494K, committed 47832K, reserved 1091584K
  class space    used 6121K, capacity 6538K, committed 6656K, reserved 1048576K
Event: 4.445 GC heap after
Heap after GC invocations=9 (full 2):
 PSYoungGen      total 248320K, used 14830K [0x00000000d5580000, 0x00000000e5c00000, 0x0000000100000000)
  eden space 233472K, 0% used [0x00000000d5580000,0x00000000d5580000,0x00000000e3980000)
  from space 14848K, 99% used [0x00000000e3980000,0x00000000e47fbbb8,0x00000000e4800000)
  to   space 15360K, 0% used [0x00000000e4800000,0x00000000e4800000,0x00000000e5700000)
 ParOldGen       total 113664K, used 17352K [0x0000000080000000, 0x0000000086f00000, 0x00000000d5580000)
  object space 113664K, 15% used [0x0000000080000000,0x00000000810f20a8,0x0000000086f00000)
 Metaspace       used 45414K, capacity 47494K, committed 47832K, reserved 1091584K
  class space    used 6121K, capacity 6538K, committed 6656K, reserved 1048576K
}
Event: 5.350 GC heap before
{Heap before GC invocations=10 (full 2):
 PSYoungGen      total 248320K, used 143476K [0x00000000d5580000, 0x00000000e5c00000, 0x0000000100000000)
  eden space 233472K, 55% used [0x00000000d5580000,0x00000000dd3214a0,0x00000000e3980000)
  from space 14848K, 99% used [0x00000000e3980000,0x00000000e47fbbb8,0x00000000e4800000)
  to   space 15360K, 0% used [0x00000000e4800000,0x00000000e4800000,0x00000000e5700000)
 ParOldGen       total 113664K, used 17352K [0x0000000080000000, 0x0000000086f00000, 0x00000000d5580000)
  object space 113664K, 15% used [0x0000000080000000,0x00000000810f20a8,0x0000000086f00000)
 Metaspace       used 56501K, capacity 58984K, committed 59028K, reserved 1099776K
  class space    used 7427K, capacity 7917K, committed 7936K, reserved 1048576K
Event: 5.428 GC heap after
Heap after GC invocations=10 (full 2):
 PSYoungGen      total 248832K, used 15340K [0x00000000d5580000, 0x00000000e5c00000, 0x0000000100000000)
  eden space 233472K, 0% used [0x00000000d5580000,0x00000000d5580000,0x00000000e3980000)
  from space 15360K, 99% used [0x00000000e4800000,0x00000000e56fb350,0x00000000e5700000)
  to   space 14848K, 0% used [0x00000000e3980000,0x00000000e3980000,0x00000000e4800000)
 ParOldGen       total 113664K, used 26824K [0x0000000080000000, 0x0000000086f00000, 0x00000000d5580000)
  object space 113664K, 23% used [0x0000000080000000,0x0000000081a322d8,0x0000000086f00000)
 Metaspace       used 56501K, capacity 58984K, committed 59028K, reserved 1099776K
  class space    used 7427K, capacity 7917K, committed 7936K, reserved 1048576K
}
Event: 5.428 GC heap before
{Heap before GC invocations=11 (full 3):
 PSYoungGen      total 248832K, used 15340K [0x00000000d5580000, 0x00000000e5c00000, 0x0000000100000000)
  eden space 233472K, 0% used [0x00000000d5580000,0x00000000d5580000,0x00000000e3980000)
  from space 15360K, 99% used [0x00000000e4800000,0x00000000e56fb350,0x00000000e5700000)
  to   space 14848K, 0% used [0x00000000e3980000,0x00000000e3980000,0x00000000e4800000)
 ParOldGen       total 113664K, used 26824K [0x0000000080000000, 0x0000000086f00000, 0x00000000d5580000)
  object space 113664K, 23% used [0x0000000080000000,0x0000000081a322d8,0x0000000086f00000)
 Metaspace       used 56501K, capacity 58984K, committed 59028K, reserved 1099776K
  class space    used 7427K, capacity 7917K, committed 7936K, reserved 1048576K
Event: 5.549 GC heap after
Heap after GC invocations=11 (full 3):
 PSYoungGen      total 248832K, used 0K [0x00000000d5580000, 0x00000000e5c00000, 0x0000000100000000)
  eden space 233472K, 0% used [0x00000000d5580000,0x00000000d5580000,0x00000000e3980000)
  from space 15360K, 0% used [0x00000000e4800000,0x00000000e4800000,0x00000000e5700000)
  to   space 14848K, 0% used [0x00000000e3980000,0x00000000e3980000,0x00000000e4800000)
 ParOldGen       total 160256K, used 36404K [0x0000000080000000, 0x0000000089c80000, 0x00000000d5580000)
  object space 160256K, 22% used [0x0000000080000000,0x000000008238d3e0,0x0000000089c80000)
 Metaspace       used 56369K, capacity 58622K, committed 59028K, reserved 1099776K
  class space    used 7390K, capacity 7865K, committed 7936K, reserved 1048576K
}

